<?xml version="1.0" encoding="UTF-8"?>
<!-- Generated by org.testng.reporters.JUnitReportReporter -->
<testsuite hostname="DESKTOP-APRG93F" failures="0" tests="1" name="superCal.SuperCalculatorExcel" time="40.240" errors="0" timestamp="2024-05-08T19:28:43 IST" skipped="0">
  <testcase classname="superCal.SuperCalculatorExcel" name="performCalculation" time="40.240"/>
</testsuite> <!-- superCal.SuperCalculatorExcel -->
